<?xml version="1.0" encoding="UTF-8"?>
<testsuite name="com.prannoy.usermanagementservice.rest.UserManagementServiceControllerIntegTest" tests="7" skipped="0" failures="0" errors="0" timestamp="2022-04-09T14:53:37" hostname="PMulmyLPOSX" time="7.741">
  <properties/>
  <testcase name="getUsersWithUserNameWhenNotExistingUserNameIsSuppliedResourceNotFoundIsReturned()" classname="com.prannoy.usermanagementservice.rest.UserManagementServiceControllerIntegTest" time="1.482"/>
  <testcase name="getUsersWithUserNameWhenExistingUserNameIsSuppliedListOfUsersAreReturned()" classname="com.prannoy.usermanagementservice.rest.UserManagementServiceControllerIntegTest" time="1.125"/>
  <testcase name="saveAnyUserWithCorrectInputReturns200AndUserId()" classname="com.prannoy.usermanagementservice.rest.UserManagementServiceControllerIntegTest" time="1.127"/>
  <testcase name="saveAnyUserWithNoUsernameInputReturnsBadRequest()" classname="com.prannoy.usermanagementservice.rest.UserManagementServiceControllerIntegTest" time="0.999"/>
  <testcase name="saveAnyUserWithUnknownCountryCodeInputReturnsBadRequest()" classname="com.prannoy.usermanagementservice.rest.UserManagementServiceControllerIntegTest" time="1.036"/>
  <testcase name="getUserWhenNoExistingUserIdIsSuppliedResourceNotFoundIsReturned()" classname="com.prannoy.usermanagementservice.rest.UserManagementServiceControllerIntegTest" time="0.945"/>
  <testcase name="getUserWhenExistingUserIdIsSuppliedTheUserIsReturned()" classname="com.prannoy.usermanagementservice.rest.UserManagementServiceControllerIntegTest" time="1.022"/>
  <system-out><![CDATA[2022-04-09 16:53:35.294  INFO 10837 --- [    Test worker] .b.t.c.SpringBootTestContextBootstrapper : Neither @ContextConfiguration nor @ContextHierarchy found for test class [com.prannoy.usermanagementservice.rest.UserManagementServiceControllerIntegTest], using SpringBootContextLoader
2022-04-09 16:53:35.295  INFO 10837 --- [    Test worker] o.s.t.c.support.AbstractContextLoader    : Could not detect default resource locations for test class [com.prannoy.usermanagementservice.rest.UserManagementServiceControllerIntegTest]: no resource found for suffixes {-context.xml, Context.groovy}.
2022-04-09 16:53:35.295  INFO 10837 --- [    Test worker] t.c.s.AnnotationConfigContextLoaderUtils : Could not detect default configuration classes for test class [com.prannoy.usermanagementservice.rest.UserManagementServiceControllerIntegTest]: UserManagementServiceControllerIntegTest does not declare any static, non-private, non-final, nested classes annotated with @Configuration.
2022-04-09 16:53:35.306  INFO 10837 --- [    Test worker] .b.t.c.SpringBootTestContextBootstrapper : Found @SpringBootConfiguration com.prannoy.usermanagementservice.UsermanagementserviceApplication for test class com.prannoy.usermanagementservice.rest.UserManagementServiceControllerIntegTest
2022-04-09 16:53:35.308  INFO 10837 --- [    Test worker] .b.t.c.SpringBootTestContextBootstrapper : Loaded default TestExecutionListener class names from location [META-INF/spring.factories]: [org.springframework.test.context.web.ServletTestExecutionListener, org.springframework.test.context.support.DirtiesContextBeforeModesTestExecutionListener, org.springframework.test.context.event.ApplicationEventsTestExecutionListener, org.springframework.test.context.support.DependencyInjectionTestExecutionListener, org.springframework.test.context.support.DirtiesContextTestExecutionListener, org.springframework.test.context.transaction.TransactionalTestExecutionListener, org.springframework.test.context.jdbc.SqlScriptsTestExecutionListener, org.springframework.test.context.event.EventPublishingTestExecutionListener, org.springframework.boot.test.autoconfigure.restdocs.RestDocsTestExecutionListener, org.springframework.boot.test.autoconfigure.web.client.MockRestServiceServerResetTestExecutionListener, org.springframework.boot.test.autoconfigure.web.servlet.MockMvcPrintOnlyOnFailureTestExecutionListener, org.springframework.boot.test.autoconfigure.web.servlet.WebDriverTestExecutionListener, org.springframework.boot.test.autoconfigure.webservices.client.MockWebServiceServerTestExecutionListener, org.springframework.boot.test.mock.mockito.MockitoTestExecutionListener, org.springframework.boot.test.mock.mockito.ResetMocksTestExecutionListener]
2022-04-09 16:53:35.309  INFO 10837 --- [    Test worker] .b.t.c.SpringBootTestContextBootstrapper : Using TestExecutionListeners: [org.springframework.test.context.web.ServletTestExecutionListener@390e814c, org.springframework.test.context.support.DirtiesContextBeforeModesTestExecutionListener@5bb661e0, org.springframework.test.context.event.ApplicationEventsTestExecutionListener@18fcfe7e, org.springframework.boot.test.mock.mockito.MockitoTestExecutionListener@1ed0128b, org.springframework.boot.test.autoconfigure.SpringBootDependencyInjectionTestExecutionListener@5319e4fc, org.springframework.test.context.support.DirtiesContextTestExecutionListener@3b48361e, org.springframework.test.context.transaction.TransactionalTestExecutionListener@44b82007, org.springframework.test.context.jdbc.SqlScriptsTestExecutionListener@5ae22651, org.springframework.test.context.event.EventPublishingTestExecutionListener@464017f5, org.springframework.boot.test.autoconfigure.restdocs.RestDocsTestExecutionListener@3c4231e5, org.springframework.boot.test.autoconfigure.web.client.MockRestServiceServerResetTestExecutionListener@397f9672, org.springframework.boot.test.autoconfigure.web.servlet.MockMvcPrintOnlyOnFailureTestExecutionListener@72e4ffa2, org.springframework.boot.test.autoconfigure.web.servlet.WebDriverTestExecutionListener@34dda1b4, org.springframework.boot.test.autoconfigure.webservices.client.MockWebServiceServerTestExecutionListener@193d73d3, org.springframework.boot.test.mock.mockito.ResetMocksTestExecutionListener@5cb4ba80]

  .   ____          _            __ _ _
 /\\ / ___'_ __ _ _(_)_ __  __ _ \ \ \ \
( ( )\___ | '_ | '_| | '_ \/ _` | \ \ \ \
 \\/  ___)| |_)| | | | | || (_| |  ) ) ) )
  '  |____| .__|_| |_|_| |_\__, | / / / /
 =========|_|==============|___/=/_/_/_/
 :: Spring Boot ::                (v2.6.6)

2022-04-09 16:53:35.348  INFO 10837 --- [    Test worker] UserManagementServiceControllerIntegTest : Starting UserManagementServiceControllerIntegTest using Java 11.0.9 on PMulmyLPOSX with PID 10837 (started by pmulmi in /Users/pmulmi/coding-challenge-consumer-prannoy)
2022-04-09 16:53:35.349  INFO 10837 --- [    Test worker] UserManagementServiceControllerIntegTest : The following 1 profile is active: "test"
2022-04-09 16:53:35.542  INFO 10837 --- [    Test worker] .s.d.r.c.RepositoryConfigurationDelegate : Bootstrapping Spring Data JPA repositories in DEFAULT mode.
2022-04-09 16:53:35.557  INFO 10837 --- [    Test worker] .s.d.r.c.RepositoryConfigurationDelegate : Finished Spring Data repository scanning in 15 ms. Found 1 JPA repository interfaces.
2022-04-09 16:53:35.781  INFO 10837 --- [    Test worker] o.s.b.w.embedded.tomcat.TomcatWebServer  : Tomcat initialized with port(s): 0 (http)
2022-04-09 16:53:35.792  INFO 10837 --- [    Test worker] o.apache.catalina.core.StandardService   : Starting service [Tomcat]
2022-04-09 16:53:35.792  INFO 10837 --- [    Test worker] org.apache.catalina.core.StandardEngine  : Starting Servlet engine: [Apache Tomcat/9.0.60]
2022-04-09 16:53:35.975  INFO 10837 --- [    Test worker] o.a.c.c.C.[Tomcat].[localhost].[/]       : Initializing Spring embedded WebApplicationContext
2022-04-09 16:53:35.976  INFO 10837 --- [    Test worker] w.s.c.ServletWebServerApplicationContext : Root WebApplicationContext: initialization completed in 625 ms
2022-04-09 16:53:36.019  INFO 10837 --- [    Test worker] com.zaxxer.hikari.HikariDataSource       : HikariPool-2 - Starting...
2022-04-09 16:53:36.022  INFO 10837 --- [    Test worker] com.zaxxer.hikari.HikariDataSource       : HikariPool-2 - Start completed.
2022-04-09 16:53:36.023  INFO 10837 --- [    Test worker] o.s.b.a.h2.H2ConsoleAutoConfiguration    : H2 console available at '/h2-console'. Database available at 'jdbc:h2:mem:testdb'
2022-04-09 16:53:36.165  INFO 10837 --- [    Test worker] o.hibernate.jpa.internal.util.LogHelper  : HHH000204: Processing PersistenceUnitInfo [name: default]
2022-04-09 16:53:36.170  INFO 10837 --- [    Test worker] org.hibernate.dialect.Dialect            : HHH000400: Using dialect: org.hibernate.dialect.H2Dialect
2022-04-09 16:53:36.205  INFO 10837 --- [    Test worker] o.h.e.t.j.p.i.JtaPlatformInitiator       : HHH000490: Using JtaPlatform implementation: [org.hibernate.engine.transaction.jta.platform.internal.NoJtaPlatform]
2022-04-09 16:53:36.206  INFO 10837 --- [    Test worker] j.LocalContainerEntityManagerFactoryBean : Initialized JPA EntityManagerFactory for persistence unit 'default'
2022-04-09 16:53:36.328  WARN 10837 --- [    Test worker] JpaBaseConfiguration$JpaWebConfiguration : spring.jpa.open-in-view is enabled by default. Therefore, database queries may be performed during view rendering. Explicitly configure spring.jpa.open-in-view to disable this warning
2022-04-09 16:53:37.009  INFO 10837 --- [    Test worker] o.s.b.w.embedded.tomcat.TomcatWebServer  : Tomcat started on port(s): 59207 (http) with context path ''
2022-04-09 16:53:37.018  INFO 10837 --- [    Test worker] UserManagementServiceControllerIntegTest : Started UserManagementServiceControllerIntegTest in 1.705 seconds (JVM running for 8.151)
2022-04-09 16:53:37.045  INFO 10837 --- [    Test worker] j.LocalContainerEntityManagerFactoryBean : Closing JPA EntityManagerFactory for persistence unit 'default'
2022-04-09 16:53:37.045  INFO 10837 --- [    Test worker] .SchemaDropperImpl$DelayedDropActionImpl : HHH000477: Starting delayed evictData of schema as part of SessionFactory shut-down'
2022-04-09 16:53:37.047  INFO 10837 --- [    Test worker] com.zaxxer.hikari.HikariDataSource       : HikariPool-2 - Shutdown initiated...
2022-04-09 16:53:37.052  INFO 10837 --- [    Test worker] com.zaxxer.hikari.HikariDataSource       : HikariPool-2 - Shutdown completed.

  .   ____          _            __ _ _
 /\\ / ___'_ __ _ _(_)_ __  __ _ \ \ \ \
( ( )\___ | '_ | '_| | '_ \/ _` | \ \ \ \
 \\/  ___)| |_)| | | | | || (_| |  ) ) ) )
  '  |____| .__|_| |_|_| |_\__, | / / / /
 =========|_|==============|___/=/_/_/_/
 :: Spring Boot ::                (v2.6.6)

2022-04-09 16:53:37.084  INFO 10837 --- [    Test worker] UserManagementServiceControllerIntegTest : Starting UserManagementServiceControllerIntegTest using Java 11.0.9 on PMulmyLPOSX with PID 10837 (started by pmulmi in /Users/pmulmi/coding-challenge-consumer-prannoy)
2022-04-09 16:53:37.084  INFO 10837 --- [    Test worker] UserManagementServiceControllerIntegTest : The following 1 profile is active: "test"
2022-04-09 16:53:37.230  INFO 10837 --- [    Test worker] .s.d.r.c.RepositoryConfigurationDelegate : Bootstrapping Spring Data JPA repositories in DEFAULT mode.
2022-04-09 16:53:37.243  INFO 10837 --- [    Test worker] .s.d.r.c.RepositoryConfigurationDelegate : Finished Spring Data repository scanning in 13 ms. Found 1 JPA repository interfaces.
2022-04-09 16:53:37.390  INFO 10837 --- [    Test worker] o.s.b.w.embedded.tomcat.TomcatWebServer  : Tomcat initialized with port(s): 0 (http)
2022-04-09 16:53:37.391  INFO 10837 --- [    Test worker] o.apache.catalina.core.StandardService   : Starting service [Tomcat]
2022-04-09 16:53:37.392  INFO 10837 --- [    Test worker] org.apache.catalina.core.StandardEngine  : Starting Servlet engine: [Apache Tomcat/9.0.60]
2022-04-09 16:53:37.410  INFO 10837 --- [    Test worker] o.a.c.c.C.[Tomcat].[localhost].[/]       : Initializing Spring embedded WebApplicationContext
2022-04-09 16:53:37.410  INFO 10837 --- [    Test worker] w.s.c.ServletWebServerApplicationContext : Root WebApplicationContext: initialization completed in 324 ms
2022-04-09 16:53:37.436  INFO 10837 --- [    Test worker] com.zaxxer.hikari.HikariDataSource       : HikariPool-3 - Starting...
2022-04-09 16:53:37.437  INFO 10837 --- [    Test worker] com.zaxxer.hikari.HikariDataSource       : HikariPool-3 - Start completed.
2022-04-09 16:53:37.438  INFO 10837 --- [    Test worker] o.s.b.a.h2.H2ConsoleAutoConfiguration    : H2 console available at '/h2-console'. Database available at 'jdbc:h2:mem:testdb'
2022-04-09 16:53:37.515  INFO 10837 --- [    Test worker] o.hibernate.jpa.internal.util.LogHelper  : HHH000204: Processing PersistenceUnitInfo [name: default]
2022-04-09 16:53:37.521  INFO 10837 --- [    Test worker] org.hibernate.dialect.Dialect            : HHH000400: Using dialect: org.hibernate.dialect.H2Dialect
2022-04-09 16:53:37.556  INFO 10837 --- [    Test worker] o.h.e.t.j.p.i.JtaPlatformInitiator       : HHH000490: Using JtaPlatform implementation: [org.hibernate.engine.transaction.jta.platform.internal.NoJtaPlatform]
2022-04-09 16:53:37.557  INFO 10837 --- [    Test worker] j.LocalContainerEntityManagerFactoryBean : Initialized JPA EntityManagerFactory for persistence unit 'default'
2022-04-09 16:53:37.658  WARN 10837 --- [    Test worker] JpaBaseConfiguration$JpaWebConfiguration : spring.jpa.open-in-view is enabled by default. Therefore, database queries may be performed during view rendering. Explicitly configure spring.jpa.open-in-view to disable this warning
2022-04-09 16:53:38.074  INFO 10837 --- [    Test worker] o.s.b.w.embedded.tomcat.TomcatWebServer  : Tomcat started on port(s): 59212 (http) with context path ''
2022-04-09 16:53:38.077  INFO 10837 --- [    Test worker] UserManagementServiceControllerIntegTest : Started UserManagementServiceControllerIntegTest in 1.022 seconds (JVM running for 9.21)
2022-04-09 16:53:38.284  INFO 10837 --- [o-auto-2-exec-1] o.a.c.c.C.[Tomcat].[localhost].[/]       : Initializing Spring DispatcherServlet 'dispatcherServlet'
2022-04-09 16:53:38.285  INFO 10837 --- [o-auto-2-exec-1] o.s.web.servlet.DispatcherServlet        : Initializing Servlet 'dispatcherServlet'
2022-04-09 16:53:38.286  INFO 10837 --- [o-auto-2-exec-1] o.s.web.servlet.DispatcherServlet        : Completed initialization in 1 ms
2022-04-09 16:53:38.517  INFO 10837 --- [    Test worker] j.LocalContainerEntityManagerFactoryBean : Closing JPA EntityManagerFactory for persistence unit 'default'
2022-04-09 16:53:38.517  INFO 10837 --- [    Test worker] .SchemaDropperImpl$DelayedDropActionImpl : HHH000477: Starting delayed evictData of schema as part of SessionFactory shut-down'
2022-04-09 16:53:38.519  INFO 10837 --- [    Test worker] com.zaxxer.hikari.HikariDataSource       : HikariPool-3 - Shutdown initiated...
2022-04-09 16:53:38.522  INFO 10837 --- [    Test worker] com.zaxxer.hikari.HikariDataSource       : HikariPool-3 - Shutdown completed.

  .   ____          _            __ _ _
 /\\ / ___'_ __ _ _(_)_ __  __ _ \ \ \ \
( ( )\___ | '_ | '_| | '_ \/ _` | \ \ \ \
 \\/  ___)| |_)| | | | | || (_| |  ) ) ) )
  '  |____| .__|_| |_|_| |_\__, | / / / /
 =========|_|==============|___/=/_/_/_/
 :: Spring Boot ::                (v2.6.6)

2022-04-09 16:53:38.546  INFO 10837 --- [    Test worker] UserManagementServiceControllerIntegTest : Starting UserManagementServiceControllerIntegTest using Java 11.0.9 on PMulmyLPOSX with PID 10837 (started by pmulmi in /Users/pmulmi/coding-challenge-consumer-prannoy)
2022-04-09 16:53:38.546  INFO 10837 --- [    Test worker] UserManagementServiceControllerIntegTest : The following 1 profile is active: "test"
2022-04-09 16:53:38.704  INFO 10837 --- [    Test worker] .s.d.r.c.RepositoryConfigurationDelegate : Bootstrapping Spring Data JPA repositories in DEFAULT mode.
2022-04-09 16:53:38.713  INFO 10837 --- [    Test worker] .s.d.r.c.RepositoryConfigurationDelegate : Finished Spring Data repository scanning in 8 ms. Found 1 JPA repository interfaces.
2022-04-09 16:53:38.821  INFO 10837 --- [    Test worker] o.s.b.w.embedded.tomcat.TomcatWebServer  : Tomcat initialized with port(s): 0 (http)
2022-04-09 16:53:38.822  INFO 10837 --- [    Test worker] o.apache.catalina.core.StandardService   : Starting service [Tomcat]
2022-04-09 16:53:38.823  INFO 10837 --- [    Test worker] org.apache.catalina.core.StandardEngine  : Starting Servlet engine: [Apache Tomcat/9.0.60]
2022-04-09 16:53:38.848  INFO 10837 --- [    Test worker] o.a.c.c.C.[Tomcat].[localhost].[/]       : Initializing Spring embedded WebApplicationContext
2022-04-09 16:53:38.849  INFO 10837 --- [    Test worker] w.s.c.ServletWebServerApplicationContext : Root WebApplicationContext: initialization completed in 301 ms
2022-04-09 16:53:38.890  INFO 10837 --- [    Test worker] com.zaxxer.hikari.HikariDataSource       : HikariPool-4 - Starting...
2022-04-09 16:53:38.892  INFO 10837 --- [    Test worker] com.zaxxer.hikari.HikariDataSource       : HikariPool-4 - Start completed.
2022-04-09 16:53:38.893  INFO 10837 --- [    Test worker] o.s.b.a.h2.H2ConsoleAutoConfiguration    : H2 console available at '/h2-console'. Database available at 'jdbc:h2:mem:testdb'
2022-04-09 16:53:38.981  INFO 10837 --- [    Test worker] o.hibernate.jpa.internal.util.LogHelper  : HHH000204: Processing PersistenceUnitInfo [name: default]
2022-04-09 16:53:38.986  INFO 10837 --- [    Test worker] org.hibernate.dialect.Dialect            : HHH000400: Using dialect: org.hibernate.dialect.H2Dialect
2022-04-09 16:53:39.019  INFO 10837 --- [    Test worker] o.h.e.t.j.p.i.JtaPlatformInitiator       : HHH000490: Using JtaPlatform implementation: [org.hibernate.engine.transaction.jta.platform.internal.NoJtaPlatform]
2022-04-09 16:53:39.020  INFO 10837 --- [    Test worker] j.LocalContainerEntityManagerFactoryBean : Initialized JPA EntityManagerFactory for persistence unit 'default'
2022-04-09 16:53:39.139  WARN 10837 --- [    Test worker] JpaBaseConfiguration$JpaWebConfiguration : spring.jpa.open-in-view is enabled by default. Therefore, database queries may be performed during view rendering. Explicitly configure spring.jpa.open-in-view to disable this warning
2022-04-09 16:53:39.552  INFO 10837 --- [    Test worker] o.s.b.w.embedded.tomcat.TomcatWebServer  : Tomcat started on port(s): 59215 (http) with context path ''
2022-04-09 16:53:39.556  INFO 10837 --- [    Test worker] UserManagementServiceControllerIntegTest : Started UserManagementServiceControllerIntegTest in 1.033 seconds (JVM running for 10.69)
2022-04-09 16:53:39.569  INFO 10837 --- [o-auto-3-exec-1] o.a.c.c.C.[Tomcat].[localhost].[/]       : Initializing Spring DispatcherServlet 'dispatcherServlet'
2022-04-09 16:53:39.569  INFO 10837 --- [o-auto-3-exec-1] o.s.web.servlet.DispatcherServlet        : Initializing Servlet 'dispatcherServlet'
2022-04-09 16:53:39.570  INFO 10837 --- [o-auto-3-exec-1] o.s.web.servlet.DispatcherServlet        : Completed initialization in 1 ms
2022-04-09 16:53:39.639  INFO 10837 --- [    Test worker] j.LocalContainerEntityManagerFactoryBean : Closing JPA EntityManagerFactory for persistence unit 'default'
2022-04-09 16:53:39.640  INFO 10837 --- [    Test worker] .SchemaDropperImpl$DelayedDropActionImpl : HHH000477: Starting delayed evictData of schema as part of SessionFactory shut-down'
2022-04-09 16:53:39.642  INFO 10837 --- [    Test worker] com.zaxxer.hikari.HikariDataSource       : HikariPool-4 - Shutdown initiated...
2022-04-09 16:53:39.645  INFO 10837 --- [    Test worker] com.zaxxer.hikari.HikariDataSource       : HikariPool-4 - Shutdown completed.

  .   ____          _            __ _ _
 /\\ / ___'_ __ _ _(_)_ __  __ _ \ \ \ \
( ( )\___ | '_ | '_| | '_ \/ _` | \ \ \ \
 \\/  ___)| |_)| | | | | || (_| |  ) ) ) )
  '  |____| .__|_| |_|_| |_\__, | / / / /
 =========|_|==============|___/=/_/_/_/
 :: Spring Boot ::                (v2.6.6)

2022-04-09 16:53:39.676  INFO 10837 --- [    Test worker] UserManagementServiceControllerIntegTest : Starting UserManagementServiceControllerIntegTest using Java 11.0.9 on PMulmyLPOSX with PID 10837 (started by pmulmi in /Users/pmulmi/coding-challenge-consumer-prannoy)
2022-04-09 16:53:39.676  INFO 10837 --- [    Test worker] UserManagementServiceControllerIntegTest : The following 1 profile is active: "test"
2022-04-09 16:53:39.810  INFO 10837 --- [    Test worker] .s.d.r.c.RepositoryConfigurationDelegate : Bootstrapping Spring Data JPA repositories in DEFAULT mode.
2022-04-09 16:53:39.820  INFO 10837 --- [    Test worker] .s.d.r.c.RepositoryConfigurationDelegate : Finished Spring Data repository scanning in 9 ms. Found 1 JPA repository interfaces.
2022-04-09 16:53:39.932  INFO 10837 --- [    Test worker] o.s.b.w.embedded.tomcat.TomcatWebServer  : Tomcat initialized with port(s): 0 (http)
2022-04-09 16:53:39.933  INFO 10837 --- [    Test worker] o.apache.catalina.core.StandardService   : Starting service [Tomcat]
2022-04-09 16:53:39.933  INFO 10837 --- [    Test worker] org.apache.catalina.core.StandardEngine  : Starting Servlet engine: [Apache Tomcat/9.0.60]
2022-04-09 16:53:39.949  INFO 10837 --- [    Test worker] o.a.c.c.C.[Tomcat].[localhost].[/]       : Initializing Spring embedded WebApplicationContext
2022-04-09 16:53:39.949  INFO 10837 --- [    Test worker] w.s.c.ServletWebServerApplicationContext : Root WebApplicationContext: initialization completed in 271 ms
2022-04-09 16:53:39.981  INFO 10837 --- [    Test worker] com.zaxxer.hikari.HikariDataSource       : HikariPool-5 - Starting...
2022-04-09 16:53:39.983  INFO 10837 --- [    Test worker] com.zaxxer.hikari.HikariDataSource       : HikariPool-5 - Start completed.
2022-04-09 16:53:39.983  INFO 10837 --- [    Test worker] o.s.b.a.h2.H2ConsoleAutoConfiguration    : H2 console available at '/h2-console'. Database available at 'jdbc:h2:mem:testdb'
2022-04-09 16:53:40.068  INFO 10837 --- [    Test worker] o.hibernate.jpa.internal.util.LogHelper  : HHH000204: Processing PersistenceUnitInfo [name: default]
2022-04-09 16:53:40.074  INFO 10837 --- [    Test worker] org.hibernate.dialect.Dialect            : HHH000400: Using dialect: org.hibernate.dialect.H2Dialect
2022-04-09 16:53:40.105  INFO 10837 --- [    Test worker] o.h.e.t.j.p.i.JtaPlatformInitiator       : HHH000490: Using JtaPlatform implementation: [org.hibernate.engine.transaction.jta.platform.internal.NoJtaPlatform]
2022-04-09 16:53:40.105  INFO 10837 --- [    Test worker] j.LocalContainerEntityManagerFactoryBean : Initialized JPA EntityManagerFactory for persistence unit 'default'
2022-04-09 16:53:40.221  WARN 10837 --- [    Test worker] JpaBaseConfiguration$JpaWebConfiguration : spring.jpa.open-in-view is enabled by default. Therefore, database queries may be performed during view rendering. Explicitly configure spring.jpa.open-in-view to disable this warning
2022-04-09 16:53:40.659  INFO 10837 --- [    Test worker] o.s.b.w.embedded.tomcat.TomcatWebServer  : Tomcat started on port(s): 59218 (http) with context path ''
2022-04-09 16:53:40.663  INFO 10837 --- [    Test worker] UserManagementServiceControllerIntegTest : Started UserManagementServiceControllerIntegTest in 1.015 seconds (JVM running for 11.796)
2022-04-09 16:53:40.684  INFO 10837 --- [o-auto-4-exec-1] o.a.c.c.C.[Tomcat].[localhost].[/]       : Initializing Spring DispatcherServlet 'dispatcherServlet'
2022-04-09 16:53:40.685  INFO 10837 --- [o-auto-4-exec-1] o.s.web.servlet.DispatcherServlet        : Initializing Servlet 'dispatcherServlet'
2022-04-09 16:53:40.686  INFO 10837 --- [o-auto-4-exec-1] o.s.web.servlet.DispatcherServlet        : Completed initialization in 1 ms
2022-04-09 16:53:40.767  INFO 10837 --- [    Test worker] j.LocalContainerEntityManagerFactoryBean : Closing JPA EntityManagerFactory for persistence unit 'default'
2022-04-09 16:53:40.768  INFO 10837 --- [    Test worker] .SchemaDropperImpl$DelayedDropActionImpl : HHH000477: Starting delayed evictData of schema as part of SessionFactory shut-down'
2022-04-09 16:53:40.769  INFO 10837 --- [    Test worker] com.zaxxer.hikari.HikariDataSource       : HikariPool-5 - Shutdown initiated...
2022-04-09 16:53:40.772  INFO 10837 --- [    Test worker] com.zaxxer.hikari.HikariDataSource       : HikariPool-5 - Shutdown completed.

  .   ____          _            __ _ _
 /\\ / ___'_ __ _ _(_)_ __  __ _ \ \ \ \
( ( )\___ | '_ | '_| | '_ \/ _` | \ \ \ \
 \\/  ___)| |_)| | | | | || (_| |  ) ) ) )
  '  |____| .__|_| |_|_| |_\__, | / / / /
 =========|_|==============|___/=/_/_/_/
 :: Spring Boot ::                (v2.6.6)

2022-04-09 16:53:40.796  INFO 10837 --- [    Test worker] UserManagementServiceControllerIntegTest : Starting UserManagementServiceControllerIntegTest using Java 11.0.9 on PMulmyLPOSX with PID 10837 (started by pmulmi in /Users/pmulmi/coding-challenge-consumer-prannoy)
2022-04-09 16:53:40.796  INFO 10837 --- [    Test worker] UserManagementServiceControllerIntegTest : The following 1 profile is active: "test"
2022-04-09 16:53:40.929  INFO 10837 --- [    Test worker] .s.d.r.c.RepositoryConfigurationDelegate : Bootstrapping Spring Data JPA repositories in DEFAULT mode.
2022-04-09 16:53:40.938  INFO 10837 --- [    Test worker] .s.d.r.c.RepositoryConfigurationDelegate : Finished Spring Data repository scanning in 9 ms. Found 1 JPA repository interfaces.
2022-04-09 16:53:41.041  INFO 10837 --- [    Test worker] o.s.b.w.embedded.tomcat.TomcatWebServer  : Tomcat initialized with port(s): 0 (http)
2022-04-09 16:53:41.041  INFO 10837 --- [    Test worker] o.apache.catalina.core.StandardService   : Starting service [Tomcat]
2022-04-09 16:53:41.041  INFO 10837 --- [    Test worker] org.apache.catalina.core.StandardEngine  : Starting Servlet engine: [Apache Tomcat/9.0.60]
2022-04-09 16:53:41.060  INFO 10837 --- [    Test worker] o.a.c.c.C.[Tomcat].[localhost].[/]       : Initializing Spring embedded WebApplicationContext
2022-04-09 16:53:41.060  INFO 10837 --- [    Test worker] w.s.c.ServletWebServerApplicationContext : Root WebApplicationContext: initialization completed in 261 ms
2022-04-09 16:53:41.087  INFO 10837 --- [    Test worker] com.zaxxer.hikari.HikariDataSource       : HikariPool-6 - Starting...
2022-04-09 16:53:41.089  INFO 10837 --- [    Test worker] com.zaxxer.hikari.HikariDataSource       : HikariPool-6 - Start completed.
2022-04-09 16:53:41.089  INFO 10837 --- [    Test worker] o.s.b.a.h2.H2ConsoleAutoConfiguration    : H2 console available at '/h2-console'. Database available at 'jdbc:h2:mem:testdb'
2022-04-09 16:53:41.184  INFO 10837 --- [    Test worker] o.hibernate.jpa.internal.util.LogHelper  : HHH000204: Processing PersistenceUnitInfo [name: default]
2022-04-09 16:53:41.188  INFO 10837 --- [    Test worker] org.hibernate.dialect.Dialect            : HHH000400: Using dialect: org.hibernate.dialect.H2Dialect
2022-04-09 16:53:41.217  INFO 10837 --- [    Test worker] o.h.e.t.j.p.i.JtaPlatformInitiator       : HHH000490: Using JtaPlatform implementation: [org.hibernate.engine.transaction.jta.platform.internal.NoJtaPlatform]
2022-04-09 16:53:41.217  INFO 10837 --- [    Test worker] j.LocalContainerEntityManagerFactoryBean : Initialized JPA EntityManagerFactory for persistence unit 'default'
2022-04-09 16:53:41.327  WARN 10837 --- [    Test worker] JpaBaseConfiguration$JpaWebConfiguration : spring.jpa.open-in-view is enabled by default. Therefore, database queries may be performed during view rendering. Explicitly configure spring.jpa.open-in-view to disable this warning
2022-04-09 16:53:41.704  INFO 10837 --- [    Test worker] o.s.b.w.embedded.tomcat.TomcatWebServer  : Tomcat started on port(s): 59221 (http) with context path ''
2022-04-09 16:53:41.708  INFO 10837 --- [    Test worker] UserManagementServiceControllerIntegTest : Started UserManagementServiceControllerIntegTest in 0.934 seconds (JVM running for 12.841)
2022-04-09 16:53:41.725  INFO 10837 --- [o-auto-5-exec-1] o.a.c.c.C.[Tomcat].[localhost].[/]       : Initializing Spring DispatcherServlet 'dispatcherServlet'
2022-04-09 16:53:41.726  INFO 10837 --- [o-auto-5-exec-1] o.s.web.servlet.DispatcherServlet        : Initializing Servlet 'dispatcherServlet'
2022-04-09 16:53:41.727  INFO 10837 --- [o-auto-5-exec-1] o.s.web.servlet.DispatcherServlet        : Completed initialization in 1 ms
2022-04-09 16:53:41.766  INFO 10837 --- [    Test worker] j.LocalContainerEntityManagerFactoryBean : Closing JPA EntityManagerFactory for persistence unit 'default'
2022-04-09 16:53:41.767  INFO 10837 --- [    Test worker] .SchemaDropperImpl$DelayedDropActionImpl : HHH000477: Starting delayed evictData of schema as part of SessionFactory shut-down'
2022-04-09 16:53:41.768  INFO 10837 --- [    Test worker] com.zaxxer.hikari.HikariDataSource       : HikariPool-6 - Shutdown initiated...
2022-04-09 16:53:41.769  INFO 10837 --- [    Test worker] com.zaxxer.hikari.HikariDataSource       : HikariPool-6 - Shutdown completed.

  .   ____          _            __ _ _
 /\\ / ___'_ __ _ _(_)_ __  __ _ \ \ \ \
( ( )\___ | '_ | '_| | '_ \/ _` | \ \ \ \
 \\/  ___)| |_)| | | | | || (_| |  ) ) ) )
  '  |____| .__|_| |_|_| |_\__, | / / / /
 =========|_|==============|___/=/_/_/_/
 :: Spring Boot ::                (v2.6.6)

2022-04-09 16:53:41.793  INFO 10837 --- [    Test worker] UserManagementServiceControllerIntegTest : Starting UserManagementServiceControllerIntegTest using Java 11.0.9 on PMulmyLPOSX with PID 10837 (started by pmulmi in /Users/pmulmi/coding-challenge-consumer-prannoy)
2022-04-09 16:53:41.793  INFO 10837 --- [    Test worker] UserManagementServiceControllerIntegTest : The following 1 profile is active: "test"
2022-04-09 16:53:41.923  INFO 10837 --- [    Test worker] .s.d.r.c.RepositoryConfigurationDelegate : Bootstrapping Spring Data JPA repositories in DEFAULT mode.
2022-04-09 16:53:41.933  INFO 10837 --- [    Test worker] .s.d.r.c.RepositoryConfigurationDelegate : Finished Spring Data repository scanning in 9 ms. Found 1 JPA repository interfaces.
2022-04-09 16:53:42.049  INFO 10837 --- [    Test worker] o.s.b.w.embedded.tomcat.TomcatWebServer  : Tomcat initialized with port(s): 0 (http)
2022-04-09 16:53:42.050  INFO 10837 --- [    Test worker] o.apache.catalina.core.StandardService   : Starting service [Tomcat]
2022-04-09 16:53:42.051  INFO 10837 --- [    Test worker] org.apache.catalina.core.StandardEngine  : Starting Servlet engine: [Apache Tomcat/9.0.60]
2022-04-09 16:53:42.067  INFO 10837 --- [    Test worker] o.a.c.c.C.[Tomcat].[localhost].[/]       : Initializing Spring embedded WebApplicationContext
2022-04-09 16:53:42.067  INFO 10837 --- [    Test worker] w.s.c.ServletWebServerApplicationContext : Root WebApplicationContext: initialization completed in 272 ms
2022-04-09 16:53:42.093  INFO 10837 --- [    Test worker] com.zaxxer.hikari.HikariDataSource       : HikariPool-7 - Starting...
2022-04-09 16:53:42.095  INFO 10837 --- [    Test worker] com.zaxxer.hikari.HikariDataSource       : HikariPool-7 - Start completed.
2022-04-09 16:53:42.095  INFO 10837 --- [    Test worker] o.s.b.a.h2.H2ConsoleAutoConfiguration    : H2 console available at '/h2-console'. Database available at 'jdbc:h2:mem:testdb'
2022-04-09 16:53:42.175  INFO 10837 --- [    Test worker] o.hibernate.jpa.internal.util.LogHelper  : HHH000204: Processing PersistenceUnitInfo [name: default]
2022-04-09 16:53:42.179  INFO 10837 --- [    Test worker] org.hibernate.dialect.Dialect            : HHH000400: Using dialect: org.hibernate.dialect.H2Dialect
2022-04-09 16:53:42.205  INFO 10837 --- [    Test worker] o.h.e.t.j.p.i.JtaPlatformInitiator       : HHH000490: Using JtaPlatform implementation: [org.hibernate.engine.transaction.jta.platform.internal.NoJtaPlatform]
2022-04-09 16:53:42.206  INFO 10837 --- [    Test worker] j.LocalContainerEntityManagerFactoryBean : Initialized JPA EntityManagerFactory for persistence unit 'default'
2022-04-09 16:53:42.304  WARN 10837 --- [    Test worker] JpaBaseConfiguration$JpaWebConfiguration : spring.jpa.open-in-view is enabled by default. Therefore, database queries may be performed during view rendering. Explicitly configure spring.jpa.open-in-view to disable this warning
2022-04-09 16:53:42.742  INFO 10837 --- [    Test worker] o.s.b.w.embedded.tomcat.TomcatWebServer  : Tomcat started on port(s): 59224 (http) with context path ''
2022-04-09 16:53:42.748  INFO 10837 --- [    Test worker] UserManagementServiceControllerIntegTest : Started UserManagementServiceControllerIntegTest in 0.977 seconds (JVM running for 13.881)
2022-04-09 16:53:42.769  INFO 10837 --- [o-auto-6-exec-1] o.a.c.c.C.[Tomcat].[localhost].[/]       : Initializing Spring DispatcherServlet 'dispatcherServlet'
2022-04-09 16:53:42.769  INFO 10837 --- [o-auto-6-exec-1] o.s.web.servlet.DispatcherServlet        : Initializing Servlet 'dispatcherServlet'
2022-04-09 16:53:42.770  INFO 10837 --- [o-auto-6-exec-1] o.s.web.servlet.DispatcherServlet        : Completed initialization in 1 ms
2022-04-09 16:53:42.804  INFO 10837 --- [    Test worker] j.LocalContainerEntityManagerFactoryBean : Closing JPA EntityManagerFactory for persistence unit 'default'
2022-04-09 16:53:42.804  INFO 10837 --- [    Test worker] .SchemaDropperImpl$DelayedDropActionImpl : HHH000477: Starting delayed evictData of schema as part of SessionFactory shut-down'
2022-04-09 16:53:42.805  INFO 10837 --- [    Test worker] com.zaxxer.hikari.HikariDataSource       : HikariPool-7 - Shutdown initiated...
2022-04-09 16:53:42.806  INFO 10837 --- [    Test worker] com.zaxxer.hikari.HikariDataSource       : HikariPool-7 - Shutdown completed.

  .   ____          _            __ _ _
 /\\ / ___'_ __ _ _(_)_ __  __ _ \ \ \ \
( ( )\___ | '_ | '_| | '_ \/ _` | \ \ \ \
 \\/  ___)| |_)| | | | | || (_| |  ) ) ) )
  '  |____| .__|_| |_|_| |_\__, | / / / /
 =========|_|==============|___/=/_/_/_/
 :: Spring Boot ::                (v2.6.6)

2022-04-09 16:53:42.833  INFO 10837 --- [    Test worker] UserManagementServiceControllerIntegTest : Starting UserManagementServiceControllerIntegTest using Java 11.0.9 on PMulmyLPOSX with PID 10837 (started by pmulmi in /Users/pmulmi/coding-challenge-consumer-prannoy)
2022-04-09 16:53:42.833  INFO 10837 --- [    Test worker] UserManagementServiceControllerIntegTest : The following 1 profile is active: "test"
2022-04-09 16:53:42.994  INFO 10837 --- [    Test worker] .s.d.r.c.RepositoryConfigurationDelegate : Bootstrapping Spring Data JPA repositories in DEFAULT mode.
2022-04-09 16:53:43.004  INFO 10837 --- [    Test worker] .s.d.r.c.RepositoryConfigurationDelegate : Finished Spring Data repository scanning in 9 ms. Found 1 JPA repository interfaces.
2022-04-09 16:53:43.115  INFO 10837 --- [    Test worker] o.s.b.w.embedded.tomcat.TomcatWebServer  : Tomcat initialized with port(s): 0 (http)
2022-04-09 16:53:43.116  INFO 10837 --- [    Test worker] o.apache.catalina.core.StandardService   : Starting service [Tomcat]
2022-04-09 16:53:43.116  INFO 10837 --- [    Test worker] org.apache.catalina.core.StandardEngine  : Starting Servlet engine: [Apache Tomcat/9.0.60]
2022-04-09 16:53:43.133  INFO 10837 --- [    Test worker] o.a.c.c.C.[Tomcat].[localhost].[/]       : Initializing Spring embedded WebApplicationContext
2022-04-09 16:53:43.133  INFO 10837 --- [    Test worker] w.s.c.ServletWebServerApplicationContext : Root WebApplicationContext: initialization completed in 297 ms
2022-04-09 16:53:43.163  INFO 10837 --- [    Test worker] com.zaxxer.hikari.HikariDataSource       : HikariPool-8 - Starting...
2022-04-09 16:53:43.164  INFO 10837 --- [    Test worker] com.zaxxer.hikari.HikariDataSource       : HikariPool-8 - Start completed.
2022-04-09 16:53:43.165  INFO 10837 --- [    Test worker] o.s.b.a.h2.H2ConsoleAutoConfiguration    : H2 console available at '/h2-console'. Database available at 'jdbc:h2:mem:testdb'
2022-04-09 16:53:43.239  INFO 10837 --- [    Test worker] o.hibernate.jpa.internal.util.LogHelper  : HHH000204: Processing PersistenceUnitInfo [name: default]
2022-04-09 16:53:43.243  INFO 10837 --- [    Test worker] org.hibernate.dialect.Dialect            : HHH000400: Using dialect: org.hibernate.dialect.H2Dialect
2022-04-09 16:53:43.278  INFO 10837 --- [    Test worker] o.h.e.t.j.p.i.JtaPlatformInitiator       : HHH000490: Using JtaPlatform implementation: [org.hibernate.engine.transaction.jta.platform.internal.NoJtaPlatform]
2022-04-09 16:53:43.278  INFO 10837 --- [    Test worker] j.LocalContainerEntityManagerFactoryBean : Initialized JPA EntityManagerFactory for persistence unit 'default'
2022-04-09 16:53:43.379  WARN 10837 --- [    Test worker] JpaBaseConfiguration$JpaWebConfiguration : spring.jpa.open-in-view is enabled by default. Therefore, database queries may be performed during view rendering. Explicitly configure spring.jpa.open-in-view to disable this warning
2022-04-09 16:53:43.714  INFO 10837 --- [    Test worker] o.s.b.w.embedded.tomcat.TomcatWebServer  : Tomcat started on port(s): 59227 (http) with context path ''
2022-04-09 16:53:43.716  INFO 10837 --- [    Test worker] UserManagementServiceControllerIntegTest : Started UserManagementServiceControllerIntegTest in 0.908 seconds (JVM running for 14.85)
2022-04-09 16:53:43.726  INFO 10837 --- [o-auto-7-exec-1] o.a.c.c.C.[Tomcat].[localhost].[/]       : Initializing Spring DispatcherServlet 'dispatcherServlet'
2022-04-09 16:53:43.727  INFO 10837 --- [o-auto-7-exec-1] o.s.web.servlet.DispatcherServlet        : Initializing Servlet 'dispatcherServlet'
2022-04-09 16:53:43.728  INFO 10837 --- [o-auto-7-exec-1] o.s.web.servlet.DispatcherServlet        : Completed initialization in 1 ms
2022-04-09 16:53:43.751  INFO 10837 --- [    Test worker] j.LocalContainerEntityManagerFactoryBean : Closing JPA EntityManagerFactory for persistence unit 'default'
2022-04-09 16:53:43.752  INFO 10837 --- [    Test worker] .SchemaDropperImpl$DelayedDropActionImpl : HHH000477: Starting delayed evictData of schema as part of SessionFactory shut-down'
2022-04-09 16:53:43.753  INFO 10837 --- [    Test worker] com.zaxxer.hikari.HikariDataSource       : HikariPool-8 - Shutdown initiated...
2022-04-09 16:53:43.754  INFO 10837 --- [    Test worker] com.zaxxer.hikari.HikariDataSource       : HikariPool-8 - Shutdown completed.

  .   ____          _            __ _ _
 /\\ / ___'_ __ _ _(_)_ __  __ _ \ \ \ \
( ( )\___ | '_ | '_| | '_ \/ _` | \ \ \ \
 \\/  ___)| |_)| | | | | || (_| |  ) ) ) )
  '  |____| .__|_| |_|_| |_\__, | / / / /
 =========|_|==============|___/=/_/_/_/
 :: Spring Boot ::                (v2.6.6)

2022-04-09 16:53:43.775  INFO 10837 --- [    Test worker] UserManagementServiceControllerIntegTest : Starting UserManagementServiceControllerIntegTest using Java 11.0.9 on PMulmyLPOSX with PID 10837 (started by pmulmi in /Users/pmulmi/coding-challenge-consumer-prannoy)
2022-04-09 16:53:43.775  INFO 10837 --- [    Test worker] UserManagementServiceControllerIntegTest : The following 1 profile is active: "test"
2022-04-09 16:53:43.891  INFO 10837 --- [    Test worker] .s.d.r.c.RepositoryConfigurationDelegate : Bootstrapping Spring Data JPA repositories in DEFAULT mode.
2022-04-09 16:53:43.900  INFO 10837 --- [    Test worker] .s.d.r.c.RepositoryConfigurationDelegate : Finished Spring Data repository scanning in 8 ms. Found 1 JPA repository interfaces.
2022-04-09 16:53:43.998  INFO 10837 --- [    Test worker] o.s.b.w.embedded.tomcat.TomcatWebServer  : Tomcat initialized with port(s): 0 (http)
2022-04-09 16:53:43.998  INFO 10837 --- [    Test worker] o.apache.catalina.core.StandardService   : Starting service [Tomcat]
2022-04-09 16:53:43.999  INFO 10837 --- [    Test worker] org.apache.catalina.core.StandardEngine  : Starting Servlet engine: [Apache Tomcat/9.0.60]
2022-04-09 16:53:44.014  INFO 10837 --- [    Test worker] o.a.c.c.C.[Tomcat].[localhost].[/]       : Initializing Spring embedded WebApplicationContext
2022-04-09 16:53:44.014  INFO 10837 --- [    Test worker] w.s.c.ServletWebServerApplicationContext : Root WebApplicationContext: initialization completed in 237 ms
2022-04-09 16:53:44.043  INFO 10837 --- [    Test worker] com.zaxxer.hikari.HikariDataSource       : HikariPool-9 - Starting...
2022-04-09 16:53:44.045  INFO 10837 --- [    Test worker] com.zaxxer.hikari.HikariDataSource       : HikariPool-9 - Start completed.
2022-04-09 16:53:44.045  INFO 10837 --- [    Test worker] o.s.b.a.h2.H2ConsoleAutoConfiguration    : H2 console available at '/h2-console'. Database available at 'jdbc:h2:mem:testdb'
2022-04-09 16:53:44.144  INFO 10837 --- [    Test worker] o.hibernate.jpa.internal.util.LogHelper  : HHH000204: Processing PersistenceUnitInfo [name: default]
2022-04-09 16:53:44.151  INFO 10837 --- [    Test worker] org.hibernate.dialect.Dialect            : HHH000400: Using dialect: org.hibernate.dialect.H2Dialect
2022-04-09 16:53:44.184  INFO 10837 --- [    Test worker] o.h.e.t.j.p.i.JtaPlatformInitiator       : HHH000490: Using JtaPlatform implementation: [org.hibernate.engine.transaction.jta.platform.internal.NoJtaPlatform]
2022-04-09 16:53:44.184  INFO 10837 --- [    Test worker] j.LocalContainerEntityManagerFactoryBean : Initialized JPA EntityManagerFactory for persistence unit 'default'
2022-04-09 16:53:44.318  WARN 10837 --- [    Test worker] JpaBaseConfiguration$JpaWebConfiguration : spring.jpa.open-in-view is enabled by default. Therefore, database queries may be performed during view rendering. Explicitly configure spring.jpa.open-in-view to disable this warning
2022-04-09 16:53:44.735  INFO 10837 --- [    Test worker] o.s.b.w.embedded.tomcat.TomcatWebServer  : Tomcat started on port(s): 59232 (http) with context path ''
2022-04-09 16:53:44.738  INFO 10837 --- [    Test worker] UserManagementServiceControllerIntegTest : Started UserManagementServiceControllerIntegTest in 0.983 seconds (JVM running for 15.871)
2022-04-09 16:53:44.752  INFO 10837 --- [o-auto-8-exec-1] o.a.c.c.C.[Tomcat].[localhost].[/]       : Initializing Spring DispatcherServlet 'dispatcherServlet'
2022-04-09 16:53:44.753  INFO 10837 --- [o-auto-8-exec-1] o.s.web.servlet.DispatcherServlet        : Initializing Servlet 'dispatcherServlet'
2022-04-09 16:53:44.754  INFO 10837 --- [o-auto-8-exec-1] o.s.web.servlet.DispatcherServlet        : Completed initialization in 1 ms
]]></system-out>
  <system-err><![CDATA[]]></system-err>
</testsuite>
